<?xml version="1.0" encoding="UTF-8"?>
<testsuite xmlns:xsi="http://www.w3.org/2001/XMLSchema-instance" xsi:noNamespaceSchemaLocation="https://maven.apache.org/surefire/maven-surefire-plugin/xsd/surefire-test-report.xsd" version="3.0.2" name="br.com.controledegastos02.Controledegastos02ApplicationTests" time="10.609" tests="1" errors="0" skipped="0" failures="0">
  <properties>
[...]
</properties>
  <testcase name="contextLoads" classname="br.com.controledegastos02.Controledegastos02ApplicationTests" time="0.765">
    <system-out><![CDATA[23:45:48.418 [main] INFO org.springframework.test.context.support.AnnotationConfigContextLoaderUtils -- Could not detect default configuration classes for test class [br.com.controledegastos02.Controledegastos02ApplicationTests]: Controledegastos02ApplicationTests does not declare any static, non-private, non-final, nested classes annotated with @Configuration.
23:45:48.743 [main] INFO org.springframework.boot.test.context.SpringBootTestContextBootstrapper -- Found @SpringBootConfiguration br.com.controledegastos02.Controledegastos2Application for test class br.com.controledegastos02.Controledegastos02ApplicationTests
23:45:49.039 [main] INFO org.springframework.boot.devtools.restart.RestartApplicationListener -- Restart disabled due to context in which it is running

  .   ____          _            __ _ _
 /\\ / ___'_ __ _ _(_)_ __  __ _ \ \ \ \
( ( )\___ | '_ | '_| | '_ \/ _` | \ \ \ \
 \\/  ___)| |_)| | | | | || (_| |  ) ) ) )
  '  |____| .__|_| |_|_| |_\__, | / / / /
 =========|_|==============|___/=/_/_/_/

 :: Spring Boot ::                (v3.5.5)

2026-05-25T23:45:49.541-03:00  INFO 15668 --- [controledegastos02] [           main] b.c.c.Controledegastos02ApplicationTests : Starting Controledegastos02ApplicationTests using Java 25.0.2 with PID 15668 (started by Maria Sol in E:\3 DS\Desenvolvimento de Sistemas II\controle-de-gastos-03-main)
2026-05-25T23:45:49.548-03:00  INFO 15668 --- [controledegastos02] [           main] b.c.c.Controledegastos02ApplicationTests : No active profile set, falling back to 1 default profile: "default"
2026-05-25T23:45:50.938-03:00  INFO 15668 --- [controledegastos02] [           main] .s.d.r.c.RepositoryConfigurationDelegate : Bootstrapping Spring Data JPA repositories in DEFAULT mode.
2026-05-25T23:45:51.143-03:00  INFO 15668 --- [controledegastos02] [           main] .s.d.r.c.RepositoryConfigurationDelegate : Finished Spring Data repository scanning in 162 ms. Found 1 JPA repository interface.
2026-05-25T23:45:52.248-03:00  INFO 15668 --- [controledegastos02] [           main] o.hibernate.jpa.internal.util.LogHelper  : HHH000204: Processing PersistenceUnitInfo [name: default]
2026-05-25T23:45:52.339-03:00  INFO 15668 --- [controledegastos02] [           main] org.hibernate.Version                    : HHH000412: Hibernate ORM core version 6.6.26.Final
2026-05-25T23:45:52.409-03:00  INFO 15668 --- [controledegastos02] [           main] o.h.c.internal.RegionFactoryInitiator    : HHH000026: Second-level cache disabled
2026-05-25T23:45:53.079-03:00  INFO 15668 --- [controledegastos02] [           main] o.s.o.j.p.SpringPersistenceUnitInfo      : No LoadTimeWeaver setup: ignoring JPA class transformer
2026-05-25T23:45:53.134-03:00  INFO 15668 --- [controledegastos02] [           main] com.zaxxer.hikari.HikariDataSource       : HikariPool-1 - Starting...
2026-05-25T23:45:53.483-03:00  INFO 15668 --- [controledegastos02] [           main] com.zaxxer.hikari.pool.HikariPool        : HikariPool-1 - Added connection conn0: url=jdbc:h2:mem:testdb user=SA
2026-05-25T23:45:53.487-03:00  INFO 15668 --- [controledegastos02] [           main] com.zaxxer.hikari.HikariDataSource       : HikariPool-1 - Start completed.
2026-05-25T23:45:53.722-03:00  INFO 15668 --- [controledegastos02] [           main] org.hibernate.orm.connections.pooling    : HHH10001005: Database info:
	Database JDBC URL [Connecting through datasource 'HikariDataSource (HikariPool-1)']
	Database driver: undefined/unknown
	Database version: 2.3.232
	Autocommit mode: undefined/unknown
	Isolation level: undefined/unknown
	Minimum pool size: undefined/unknown
	Maximum pool size: undefined/unknown
2026-05-25T23:45:55.704-03:00  INFO 15668 --- [controledegastos02] [           main] o.h.e.t.j.p.i.JtaPlatformInitiator       : HHH000489: No JTA platform available (set 'hibernate.transaction.jta.platform' to enable JTA platform integration)
2026-05-25T23:45:55.844-03:00  INFO 15668 --- [controledegastos02] [           main] j.LocalContainerEntityManagerFactoryBean : Initialized JPA EntityManagerFactory for persistence unit 'default'
2026-05-25T23:45:56.588-03:00  WARN 15668 --- [controledegastos02] [           main] JpaBaseConfiguration$JpaWebConfiguration : spring.jpa.open-in-view is enabled by default. Therefore, database queries may be performed during view rendering. Explicitly configure spring.jpa.open-in-view to disable this warning
2026-05-25T23:45:56.650-03:00  INFO 15668 --- [controledegastos02] [           main] o.s.b.a.w.s.WelcomePageHandlerMapping    : Adding welcome page template: index
2026-05-25T23:45:57.765-03:00  INFO 15668 --- [controledegastos02] [           main] o.s.b.a.h2.H2ConsoleAutoConfiguration    : H2 console available at '/h2-console'. Database available at 'jdbc:h2:mem:testdb'
2026-05-25T23:45:57.961-03:00  INFO 15668 --- [controledegastos02] [           main] b.c.c.Controledegastos02ApplicationTests : Started Controledegastos02ApplicationTests in 8.944 seconds (process running for 11.16)
]]></system-out>
    <system-err><![CDATA[Mockito is currently self-attaching to enable the inline-mock-maker. This will no longer work in future releases of the JDK. Please add Mockito as an agent to your build as described in Mockito's documentation: https://javadoc.io/doc/org.mockito/mockito-core/latest/org.mockito/org/mockito/Mockito.html#0.3
WARNING: A Java agent has been loaded dynamically (C:\Users\Maria Sol\.m2\repository\net\bytebuddy\byte-buddy-agent\1.17.7\byte-buddy-agent-1.17.7.jar)
WARNING: If a serviceability tool is in use, please run with -XX:+EnableDynamicAgentLoading to hide this warning
WARNING: If a serviceability tool is not in use, please run with -Djdk.instrument.traceUsage for more information
WARNING: Dynamic loading of agents will be disallowed by default in a future release
]]></system-err>
  </testcase>
</testsuite>